<?xml version="1.0" encoding="UTF-8"?>
<!-- Generated by org.testng.reporters.JUnitReportReporter -->
<testsuite hostname="ZIL207" failures="0" tests="3" name="com.DataDrivenFramework.utils.TestDataProvider" time="0.027" errors="0" timestamp="2022-04-08T12:24:24 IST" skipped="0">
  <testcase classname="com.DataDrivenFramework.utils.TestDataProvider" name="sampleTestOne" time="0.012"/>
  <system-out/>
  <testcase classname="com.DataDrivenFramework.utils.TestDataProvider" name="sampleTestOne" time="0.004"/>
  <system-out/>
  <testcase classname="com.DataDrivenFramework.utils.TestDataProvider" name="sampleTestOne" time="0.011"/>
  <system-out/>
</testsuite> <!-- com.DataDrivenFramework.utils.TestDataProvider -->
